<component name="libraryTable">
  <library name="junit-platform-console-standalone-1.8.0-M11">
    <CLASSES>
      <root url="jar://$PROJECT_DIR$/challenges/2021-04-06-intervening-verbiage/lib/junit-platform-console-standalone-1.8.0-M1.jar!/" />
    </CLASSES>
    <JAVADOC />
    <SOURCES />
  </library>
</component>